<?xml version="1.0" encoding="utf-8"?>
<!DOCTYPE coverage SYSTEM "http://cobertura.sourceforge.net/xml/coverage-04.dtd">
<coverage line-rate="0.8129554655870446" branch-rate="0.7542372881355932" lines-covered="1004" lines-valid="1235" branches-covered="89" branches-valid="118" complexity="214" version="0" timestamp="1729269259">
  <sources />
  <packages>
    <package name="Mfm.Api" line-rate="0.8067226890756303" branch-rate="0.6428571428571429" complexity="30">
      <classes>
        <class name="Mfm.Api.Configuration.Logging.LoggingConfiguration" filename="C:\Development\VictorFernandes\MotoFleetManagement\src\Mfm.Api\Configuration\Logging\LoggingConfiguration.cs" line-rate="1" branch-rate="1" complexity="2">
          <methods>
            <method name="ConfigureLogging" signature="(Microsoft.AspNetCore.Builder.WebApplicationBuilder)" line-rate="1" branch-rate="1" complexity="1">
              <lines>
                <line number="10" hits="4" branch="false" />
                <line number="11" hits="4" branch="false" />
                <line number="12" hits="4" branch="false" />
                <line number="13" hits="4" branch="false" />
                <line number="14" hits="4" branch="false" />
                <line number="15" hits="4" branch="false" />
                <line number="16" hits="4" branch="false" />
                <line number="17" hits="4" branch="false" />
                <line number="18" hits="4" branch="false" />
                <line number="19" hits="4" branch="false" />
                <line number="20" hits="197" branch="false" />
                <line number="21" hits="4" branch="false" />
                <line number="23" hits="4" branch="false" />
                <line number="24" hits="4" branch="false" />
              </lines>
            </method>
            <method name="UseLoggingConfiguration" signature="(Microsoft.AspNetCore.Builder.WebApplication)" line-rate="1" branch-rate="1" complexity="1">
              <lines>
                <line number="28" hits="4" branch="false" />
                <line number="29" hits="4" branch="false" />
              </lines>
            </method>
          </methods>
          <lines>
            <line number="10" hits="4" branch="false" />
            <line number="11" hits="4" branch="false" />
            <line number="12" hits="4" branch="false" />
            <line number="13" hits="4" branch="false" />
            <line number="14" hits="4" branch="false" />
            <line number="15" hits="4" branch="false" />
            <line number="16" hits="4" branch="false" />
            <line number="17" hits="4" branch="false" />
            <line number="18" hits="4" branch="false" />
            <line number="19" hits="4" branch="false" />
            <line number="20" hits="197" branch="false" />
            <line number="21" hits="4" branch="false" />
            <line number="23" hits="4" branch="false" />
            <line number="24" hits="4" branch="false" />
            <line number="28" hits="4" branch="false" />
            <line number="29" hits="4" branch="false" />
          </lines>
        </class>
        <class name="Mfm.Api.Configuration.ResponseStandardization.ErrorMiddleware" filename="C:\Development\VictorFernandes\MotoFleetManagement\src\Mfm.Api\Configuration\ResponseStandardization\ErrorMiddleware.cs" line-rate="0.3548387096774194" branch-rate="0" complexity="6">
          <methods>
            <method name="HandleExceptionAsync" signature="(Microsoft.AspNetCore.Http.HttpContext,System.Exception,System.Int32)" line-rate="0" branch-rate="0" complexity="4">
              <lines>
                <line number="44" hits="0" branch="false" />
                <line number="46" hits="0" branch="true" condition-coverage="0% (0/2)" />
                <line number="48" hits="0" branch="false" />
                <line number="50" hits="0" branch="false" />
                <line number="51" hits="0" branch="true" condition-coverage="0% (0/2)" />
                <line number="53" hits="0" branch="false" />
                <line number="54" hits="0" branch="false" />
                <line number="58" hits="0" branch="false" />
                <line number="59" hits="0" branch="false" />
                <line number="60" hits="0" branch="false" />
                <line number="61" hits="0" branch="false" />
                <line number="62" hits="0" branch="false" />
                <line number="63" hits="0" branch="false" />
                <line number="64" hits="0" branch="false" />
                <line number="65" hits="0" branch="false" />
              </lines>
            </method>
            <method name=".ctor" signature="(Microsoft.AspNetCore.Http.RequestDelegate,Microsoft.Extensions.Logging.ILogger`1&lt;Mfm.Api.Configuration.ResponseStandardization.ErrorMiddleware&gt;,Microsoft.AspNetCore.Hosting.IWebHostEnvironment)" line-rate="1" branch-rate="1" complexity="1">
              <lines>
                <line number="16" hits="4" branch="false" />
                <line number="17" hits="4" branch="false" />
                <line number="18" hits="4" branch="false" />
                <line number="19" hits="4" branch="false" />
                <line number="21" hits="4" branch="false" />
                <line number="22" hits="4" branch="false" />
                <line number="23" hits="4" branch="false" />
                <line number="24" hits="4" branch="false" />
              </lines>
            </method>
            <method name="InvokeAsync" signature="()" line-rate="0.375" branch-rate="1" complexity="1">
              <lines>
                <line number="30" hits="19" branch="false" />
                <line number="31" hits="19" branch="false" />
                <line number="32" hits="0" branch="false" />
                <line number="34" hits="0" branch="false" />
                <line number="35" hits="0" branch="false" />
                <line number="36" hits="0" branch="false" />
                <line number="38" hits="0" branch="false" />
                <line number="40" hits="19" branch="false" />
              </lines>
            </method>
          </methods>
          <lines>
            <line number="16" hits="4" branch="false" />
            <line number="17" hits="4" branch="false" />
            <line number="18" hits="4" branch="false" />
            <line number="19" hits="4" branch="false" />
            <line number="21" hits="4" branch="false" />
            <line number="22" hits="4" branch="false" />
            <line number="23" hits="4" branch="false" />
            <line number="24" hits="4" branch="false" />
            <line number="30" hits="19" branch="false" />
            <line number="31" hits="19" branch="false" />
            <line number="32" hits="0" branch="false" />
            <line number="34" hits="0" branch="false" />
            <line number="35" hits="0" branch="false" />
            <line number="36" hits="0" branch="false" />
            <line number="38" hits="0" branch="false" />
            <line number="40" hits="19" branch="false" />
            <line number="44" hits="0" branch="false" />
            <line number="46" hits="0" branch="true" condition-coverage="0% (0/2)" />
            <line number="48" hits="0" branch="false" />
            <line number="50" hits="0" branch="false" />
            <line number="51" hits="0" branch="true" condition-coverage="0% (0/2)" />
            <line number="53" hits="0" branch="false" />
            <line number="54" hits="0" branch="false" />
            <line number="58" hits="0" branch="false" />
            <line number="59" hits="0" branch="false" />
            <line number="60" hits="0" branch="false" />
            <line number="61" hits="0" branch="false" />
            <line number="62" hits="0" branch="false" />
            <line number="63" hits="0" branch="false" />
            <line number="64" hits="0" branch="false" />
            <line number="65" hits="0" branch="false" />
          </lines>
        </class>
        <class name="Mfm.Api.Controllers.ApiControllerBase`1" filename="C:\Development\VictorFernandes\MotoFleetManagement\src\Mfm.Api\Controllers\ApiControllerBase.cs" line-rate="0.92" branch-rate="0.875" complexity="11">
          <methods>
            <method name="Mediator" signature="()" line-rate="1" branch-rate="1" complexity="NaN">
              <lines>
                <line number="14" hits="16" branch="false" />
              </lines>
            </method>
            <method name="Respond" signature="(Mfm.Application.UseCases.Base.OutputBase,System.Object)" line-rate="0.75" branch-rate="0.8333333333333334" complexity="6">
              <lines>
                <line number="24" hits="11" branch="true" condition-coverage="100% (2/2)" />
                <line number="26" hits="3" branch="false" />
                <line number="29" hits="8" branch="true" condition-coverage="50% (1/2)" />
                <line number="31" hits="0" branch="false" />
                <line number="32" hits="0" branch="false" />
                <line number="35" hits="8" branch="true" condition-coverage="100% (2/2)" />
                <line number="37" hits="6" branch="false" />
                <line number="40" hits="8" branch="false" />
              </lines>
            </method>
            <method name="Respond" signature="(Mfm.Application.UseCases.Base.OutputBase,System.String,System.Object,System.Object)" line-rate="1" branch-rate="1" complexity="2">
              <lines>
                <line number="49" hits="5" branch="true" condition-coverage="100% (2/2)" />
                <line number="51" hits="1" branch="false" />
                <line number="54" hits="4" branch="false" />
                <line number="55" hits="4" branch="false" />
              </lines>
            </method>
            <method name="RespondError" signature="(Mfm.Application.UseCases.Base.OutputBase)" line-rate="1" branch-rate="1" complexity="1">
              <lines>
                <line number="60" hits="4" branch="false" />
                <line number="61" hits="4" branch="false" />
                <line number="62" hits="4" branch="false" />
                <line number="63" hits="4" branch="false" />
                <line number="65" hits="4" branch="false" />
                <line number="67" hits="4" branch="false" />
              </lines>
            </method>
            <method name="LogResponse" signature="(System.Int32,System.Object)" line-rate="1" branch-rate="1" complexity="1">
              <lines>
                <line number="72" hits="14" branch="false" />
                <line number="73" hits="14" branch="false" />
              </lines>
            </method>
            <method name=".ctor" signature="(Microsoft.Extensions.Logging.ILogger`1&lt;TApiController&gt;,MediatR.IMediator)" line-rate="1" branch-rate="1" complexity="1">
              <lines>
                <line number="16" hits="24" branch="false" />
                <line number="18" hits="24" branch="false" />
                <line number="19" hits="24" branch="false" />
                <line number="20" hits="24" branch="false" />
              </lines>
            </method>
          </methods>
          <lines>
            <line number="14" hits="16" branch="false" />
            <line number="16" hits="24" branch="false" />
            <line number="18" hits="24" branch="false" />
            <line number="19" hits="24" branch="false" />
            <line number="20" hits="24" branch="false" />
            <line number="24" hits="11" branch="true" condition-coverage="100% (2/2)" />
            <line number="26" hits="3" branch="false" />
            <line number="29" hits="8" branch="true" condition-coverage="50% (1/2)" />
            <line number="31" hits="0" branch="false" />
            <line number="32" hits="0" branch="false" />
            <line number="35" hits="8" branch="true" condition-coverage="100% (2/2)" />
            <line number="37" hits="6" branch="false" />
            <line number="40" hits="8" branch="false" />
            <line number="49" hits="5" branch="true" condition-coverage="100% (2/2)" />
            <line number="51" hits="1" branch="false" />
            <line number="54" hits="4" branch="false" />
            <line number="55" hits="4" branch="false" />
            <line number="60" hits="4" branch="false" />
            <line number="61" hits="4" branch="false" />
            <line number="62" hits="4" branch="false" />
            <line number="63" hits="4" branch="false" />
            <line number="65" hits="4" branch="false" />
            <line number="67" hits="4" branch="false" />
            <line number="72" hits="14" branch="false" />
            <line number="73" hits="14" branch="false" />
          </lines>
        </class>
        <class name="Mfm.Api.Controllers.V1.MotorcyclesController" filename="C:\Development\VictorFernandes\MotoFleetManagement\src\Mfm.Api\Controllers\V1\MotorcyclesController.cs" line-rate="0.9473684210526315" branch-rate="1" complexity="6">
          <methods>
            <method name="DeleteMotorcycle" signature="(System.String)" line-rate="0" branch-rate="1" complexity="1">
              <lines>
                <line number="63" hits="0" branch="false" />
              </lines>
            </method>
            <method name=".ctor" signature="(Microsoft.Extensions.Logging.ILogger`1&lt;Mfm.Api.Controllers.V1.MotorcyclesController&gt;,MediatR.IMediator)" line-rate="1" branch-rate="1" complexity="1">
              <lines>
                <line number="15" hits="24" branch="false" />
                <line number="17" hits="24" branch="false" />
              </lines>
            </method>
            <method name="CreateMotorcycle" signature="()" line-rate="1" branch-rate="1" complexity="1">
              <lines>
                <line number="24" hits="5" branch="false" />
                <line number="25" hits="5" branch="false" />
                <line number="27" hits="5" branch="false" />
                <line number="28" hits="5" branch="false" />
              </lines>
            </method>
            <method name="GetMotorcycleById" signature="()" line-rate="1" branch-rate="1" complexity="1">
              <lines>
                <line number="55" hits="3" branch="false" />
                <line number="56" hits="3" branch="false" />
                <line number="57" hits="3" branch="false" />
                <line number="58" hits="3" branch="false" />
              </lines>
            </method>
            <method name="GetMotorcycles" signature="()" line-rate="1" branch-rate="1" complexity="1">
              <lines>
                <line number="35" hits="4" branch="false" />
                <line number="36" hits="4" branch="false" />
                <line number="38" hits="4" branch="false" />
                <line number="39" hits="4" branch="false" />
              </lines>
            </method>
            <method name="UpdateMotorcycleLicensePlate" signature="()" line-rate="1" branch-rate="1" complexity="1">
              <lines>
                <line number="47" hits="4" branch="false" />
                <line number="48" hits="4" branch="false" />
                <line number="49" hits="4" branch="false" />
                <line number="50" hits="4" branch="false" />
              </lines>
            </method>
          </methods>
          <lines>
            <line number="15" hits="24" branch="false" />
            <line number="17" hits="24" branch="false" />
            <line number="24" hits="5" branch="false" />
            <line number="25" hits="5" branch="false" />
            <line number="27" hits="5" branch="false" />
            <line number="28" hits="5" branch="false" />
            <line number="35" hits="4" branch="false" />
            <line number="36" hits="4" branch="false" />
            <line number="38" hits="4" branch="false" />
            <line number="39" hits="4" branch="false" />
            <line number="47" hits="4" branch="false" />
            <line number="48" hits="4" branch="false" />
            <line number="49" hits="4" branch="false" />
            <line number="50" hits="4" branch="false" />
            <line number="55" hits="3" branch="false" />
            <line number="56" hits="3" branch="false" />
            <line number="57" hits="3" branch="false" />
            <line number="58" hits="3" branch="false" />
            <line number="63" hits="0" branch="false" />
          </lines>
        </class>
        <class name="Mfm.Api.Startup" filename="C:\Development\VictorFernandes\MotoFleetManagement\src\Mfm.Api\Startup.cs" line-rate="1" branch-rate="1" complexity="4">
          <methods>
            <method name="ConfigureServices" signature="(Microsoft.Extensions.DependencyInjection.IServiceCollection)" line-rate="1" branch-rate="1" complexity="1">
              <lines>
                <line number="20" hits="4" branch="false" />
                <line number="22" hits="4" branch="false" />
                <line number="23" hits="4" branch="false" />
                <line number="24" hits="4" branch="false" />
                <line number="26" hits="4" branch="false" />
                <line number="27" hits="4" branch="false" />
                <line number="28" hits="4" branch="false" />
                <line number="29" hits="4" branch="false" />
              </lines>
            </method>
            <method name="Configure" signature="(Microsoft.AspNetCore.Builder.WebApplication)" line-rate="1" branch-rate="1" complexity="2">
              <lines>
                <line number="33" hits="4" branch="true" condition-coverage="100% (2/2)" />
                <line number="35" hits="4" branch="false" />
                <line number="36" hits="4" branch="false" />
                <line number="37" hits="4" branch="false" />
                <line number="40" hits="4" branch="false" />
                <line number="41" hits="4" branch="false" />
                <line number="43" hits="4" branch="false" />
                <line number="44" hits="4" branch="false" />
                <line number="45" hits="4" branch="false" />
                <line number="46" hits="4" branch="false" />
              </lines>
            </method>
            <method name=".ctor" signature="(Microsoft.Extensions.Configuration.IConfiguration)" line-rate="1" branch-rate="1" complexity="1">
              <lines>
                <line number="13" hits="4" branch="false" />
                <line number="15" hits="4" branch="false" />
                <line number="16" hits="4" branch="false" />
              </lines>
            </method>
          </methods>
          <lines>
            <line number="13" hits="4" branch="false" />
            <line number="15" hits="4" branch="false" />
            <line number="16" hits="4" branch="false" />
            <line number="20" hits="4" branch="false" />
            <line number="22" hits="4" branch="false" />
            <line number="23" hits="4" branch="false" />
            <line number="24" hits="4" branch="false" />
            <line number="26" hits="4" branch="false" />
            <line number="27" hits="4" branch="false" />
            <line number="28" hits="4" branch="false" />
            <line number="29" hits="4" branch="false" />
            <line number="33" hits="4" branch="true" condition-coverage="100% (2/2)" />
            <line number="35" hits="4" branch="false" />
            <line number="36" hits="4" branch="false" />
            <line number="37" hits="4" branch="false" />
            <line number="40" hits="4" branch="false" />
            <line number="41" hits="4" branch="false" />
            <line number="43" hits="4" branch="false" />
            <line number="44" hits="4" branch="false" />
            <line number="45" hits="4" branch="false" />
            <line number="46" hits="4" branch="false" />
          </lines>
        </class>
        <class name="Program" filename="C:\Development\VictorFernandes\MotoFleetManagement\src\Mfm.Api\Program.cs" line-rate="1" branch-rate="1" complexity="1">
          <methods>
            <method name="&lt;Main&gt;$" signature="(System.String[])" line-rate="1" branch-rate="1" complexity="1">
              <lines>
                <line number="4" hits="4" branch="false" />
                <line number="6" hits="4" branch="false" />
                <line number="8" hits="4" branch="false" />
                <line number="9" hits="4" branch="false" />
                <line number="11" hits="4" branch="false" />
                <line number="13" hits="4" branch="false" />
                <line number="15" hits="4" branch="false" />
              </lines>
            </method>
          </methods>
          <lines>
            <line number="4" hits="4" branch="false" />
            <line number="6" hits="4" branch="false" />
            <line number="8" hits="4" branch="false" />
            <line number="9" hits="4" branch="false" />
            <line number="11" hits="4" branch="false" />
            <line number="13" hits="4" branch="false" />
            <line number="15" hits="4" branch="false" />
          </lines>
        </class>
      </classes>
    </package>
    <package name="Mfm.Application" line-rate="0.9248826291079812" branch-rate="0.9375" complexity="68">
      <classes>
        <class name="Mfm.Application.Configuration.ApplicationConfiguration" filename="C:\Development\VictorFernandes\MotoFleetManagement\src\Mfm.Application\Configuration\ApplicationConfiguration.cs" line-rate="1" branch-rate="1" complexity="19">
          <methods>
            <method name="ConfigureApplication" signature="(Microsoft.Extensions.DependencyInjection.IServiceCollection)" line-rate="1" branch-rate="1" complexity="1">
              <lines>
                <line number="11" hits="4" branch="false" />
                <line number="12" hits="8" branch="false" />
                <line number="13" hits="4" branch="false" />
                <line number="14" hits="4" branch="false" />
              </lines>
            </method>
            <method name="InjectUseCases" signature="(Microsoft.Extensions.DependencyInjection.IServiceCollection,System.Reflection.Assembly)" line-rate="1" branch-rate="1" complexity="10">
              <lines>
                <line number="18" hits="4" branch="false" />
                <line number="19" hits="4" branch="false" />
                <line number="21" hits="304" branch="true" condition-coverage="100% (2/2)" />
                <line number="23" hits="148" branch="true" condition-coverage="100% (2/2)" />
                <line number="25" hits="24" branch="true" condition-coverage="100% (2/2)" />
                <line number="26" hits="24" branch="false" />
                <line number="27" hits="64" branch="true" condition-coverage="100% (2/2)" />
                <line number="29" hits="24" branch="true" condition-coverage="100% (2/2)" />
                <line number="31" hits="20" branch="false" />
                <line number="35" hits="4" branch="false" />
              </lines>
            </method>
            <method name="IsDerivedFromGenericType" signature="(System.Type,System.Type)" line-rate="1" branch-rate="1" complexity="8">
              <lines>
                <line number="39" hits="352" branch="true" condition-coverage="100% (4/4)" />
                <line number="41" hits="228" branch="true" condition-coverage="100% (2/2)" />
                <line number="42" hits="228" branch="true" condition-coverage="100% (2/2)" />
                <line number="44" hits="24" branch="false" />
                <line number="47" hits="204" branch="false" />
                <line number="50" hits="124" branch="false" />
              </lines>
            </method>
          </methods>
          <lines>
            <line number="11" hits="4" branch="false" />
            <line number="12" hits="8" branch="false" />
            <line number="13" hits="4" branch="false" />
            <line number="14" hits="4" branch="false" />
            <line number="18" hits="4" branch="false" />
            <line number="19" hits="4" branch="false" />
            <line number="21" hits="304" branch="true" condition-coverage="100% (2/2)" />
            <line number="23" hits="148" branch="true" condition-coverage="100% (2/2)" />
            <line number="25" hits="24" branch="true" condition-coverage="100% (2/2)" />
            <line number="26" hits="24" branch="false" />
            <line number="27" hits="64" branch="true" condition-coverage="100% (2/2)" />
            <line number="29" hits="24" branch="true" condition-coverage="100% (2/2)" />
            <line number="31" hits="20" branch="false" />
            <line number="35" hits="4" branch="false" />
            <line number="39" hits="352" branch="true" condition-coverage="100% (4/4)" />
            <line number="41" hits="228" branch="true" condition-coverage="100% (2/2)" />
            <line number="42" hits="228" branch="true" condition-coverage="100% (2/2)" />
            <line number="44" hits="24" branch="false" />
            <line number="47" hits="204" branch="false" />
            <line number="50" hits="124" branch="false" />
          </lines>
        </class>
        <class name="Mfm.Application.Dtos.Common.MessageDto" filename="C:\Development\VictorFernandes\MotoFleetManagement\src\Mfm.Application\Dtos\Common\MessageDto.cs" line-rate="0" branch-rate="1" complexity="1">
          <methods>
            <method name="Message" signature="()" line-rate="0" branch-rate="1" complexity="NaN">
              <lines>
                <line number="7" hits="0" branch="false" />
              </lines>
            </method>
            <method name=".ctor" signature="(Mfm.Application.Dtos.Common.MessageDto)" line-rate="0" branch-rate="1" complexity="1">
              <lines>
                <line number="4" hits="0" branch="false" />
              </lines>
            </method>
          </methods>
          <lines>
            <line number="4" hits="0" branch="false" />
            <line number="7" hits="0" branch="false" />
          </lines>
        </class>
        <class name="Mfm.Application.Dtos.Motorcycles.MotorcycleDto" filename="C:\Development\VictorFernandes\MotoFleetManagement\src\Mfm.Application\Dtos\Motorcycles\MotorcycleDto.cs" line-rate="0.8" branch-rate="1" complexity="1">
          <methods>
            <method name="Id" signature="()" line-rate="1" branch-rate="1" complexity="NaN">
              <lines>
                <line number="10" hits="76" branch="false" />
              </lines>
            </method>
            <method name="Year" signature="()" line-rate="1" branch-rate="1" complexity="NaN">
              <lines>
                <line number="14" hits="70" branch="false" />
              </lines>
            </method>
            <method name="Model" signature="()" line-rate="1" branch-rate="1" complexity="NaN">
              <lines>
                <line number="19" hits="70" branch="false" />
              </lines>
            </method>
            <method name="LicensePlate" signature="()" line-rate="1" branch-rate="1" complexity="NaN">
              <lines>
                <line number="25" hits="75" branch="false" />
              </lines>
            </method>
            <method name=".ctor" signature="(Mfm.Application.Dtos.Motorcycles.MotorcycleDto)" line-rate="0" branch-rate="1" complexity="1">
              <lines>
                <line number="6" hits="0" branch="false" />
              </lines>
            </method>
          </methods>
          <lines>
            <line number="6" hits="0" branch="false" />
            <line number="10" hits="76" branch="false" />
            <line number="14" hits="70" branch="false" />
            <line number="19" hits="70" branch="false" />
            <line number="25" hits="75" branch="false" />
          </lines>
        </class>
        <class name="Mfm.Application.Dtos.Motorcycles.UpdateLicensePlateDto" filename="C:\Development\VictorFernandes\MotoFleetManagement\src\Mfm.Application\Dtos\Motorcycles\UpdateLicensePlateDto.cs" line-rate="0.5" branch-rate="1" complexity="1">
          <methods>
            <method name="LicensePlate" signature="()" line-rate="1" branch-rate="1" complexity="NaN">
              <lines>
                <line number="13" hits="17" branch="false" />
              </lines>
            </method>
            <method name=".ctor" signature="(Mfm.Application.Dtos.Motorcycles.UpdateLicensePlateDto)" line-rate="0" branch-rate="1" complexity="1">
              <lines>
                <line number="6" hits="0" branch="false" />
              </lines>
            </method>
          </methods>
          <lines>
            <line number="6" hits="0" branch="false" />
            <line number="13" hits="17" branch="false" />
          </lines>
        </class>
        <class name="Mfm.Application.UseCases.Base.OutputBase" filename="C:\Development\VictorFernandes\MotoFleetManagement\src\Mfm.Application\UseCases\Base\OutputBase.cs" line-rate="0.6296296296296297" branch-rate="0.5" complexity="9">
          <methods>
            <method name="IsValid" signature="()" line-rate="1" branch-rate="1" complexity="NaN">
              <lines>
                <line number="9" hits="55" branch="false" />
              </lines>
            </method>
            <method name="HttpStatusCode" signature="()" line-rate="1" branch-rate="1" complexity="NaN">
              <lines>
                <line number="10" hits="31" branch="false" />
              </lines>
            </method>
            <method name="Errors" signature="()" line-rate="1" branch-rate="1" complexity="NaN">
              <lines>
                <line number="11" hits="42" branch="false" />
              </lines>
            </method>
            <method name="IsInvalid" signature="()" line-rate="1" branch-rate="1" complexity="NaN">
              <lines>
                <line number="12" hits="17" branch="false" />
              </lines>
            </method>
            <method name="StatusCode" signature="()" line-rate="1" branch-rate="1" complexity="NaN">
              <lines>
                <line number="13" hits="30" branch="false" />
              </lines>
            </method>
            <method name="AddError" signature="(System.String)" line-rate="1" branch-rate="1" complexity="1">
              <lines>
                <line number="30" hits="7" branch="false" />
                <line number="31" hits="7" branch="false" />
                <line number="32" hits="7" branch="false" />
              </lines>
            </method>
            <method name="AddErrors" signature="(System.Collections.Generic.IEnumerable`1&lt;System.String&gt;)" line-rate="0" branch-rate="1" complexity="1">
              <lines>
                <line number="36" hits="0" branch="false" />
                <line number="38" hits="0" branch="false" />
                <line number="39" hits="0" branch="false" />
              </lines>
            </method>
            <method name="NotFoundMessage" signature="(System.String,System.String)" line-rate="1" branch-rate="1" complexity="1">
              <lines>
                <line number="42" hits="4" branch="false" />
              </lines>
            </method>
            <method name="StandartizeErrorMessage" signature="(System.String)" line-rate="0.6666666666666666" branch-rate="0.5" complexity="4">
              <lines>
                <line number="46" hits="7" branch="true" condition-coverage="50% (1/2)" />
                <line number="48" hits="0" branch="false" />
                <line number="51" hits="7" branch="false" />
                <line number="53" hits="7" branch="true" condition-coverage="50% (1/2)" />
                <line number="55" hits="0" branch="false" />
                <line number="58" hits="7" branch="false" />
              </lines>
            </method>
            <method name=".ctor" signature="(System.Net.HttpStatusCode,System.Boolean)" line-rate="1" branch-rate="1" complexity="1">
              <lines>
                <line number="15" hits="28" branch="false" />
                <line number="17" hits="28" branch="false" />
                <line number="18" hits="28" branch="false" />
                <line number="19" hits="28" branch="false" />
              </lines>
            </method>
            <method name=".ctor" signature="(System.Net.HttpStatusCode,System.String[])" line-rate="0" branch-rate="1" complexity="1">
              <lines>
                <line number="21" hits="0" branch="false" />
                <line number="23" hits="0" branch="false" />
                <line number="24" hits="0" branch="false" />
                <line number="25" hits="0" branch="false" />
                <line number="26" hits="0" branch="false" />
              </lines>
            </method>
          </methods>
          <lines>
            <line number="9" hits="55" branch="false" />
            <line number="10" hits="31" branch="false" />
            <line number="11" hits="42" branch="false" />
            <line number="12" hits="17" branch="false" />
            <line number="13" hits="30" branch="false" />
            <line number="15" hits="28" branch="false" />
            <line number="17" hits="28" branch="false" />
            <line number="18" hits="28" branch="false" />
            <line number="19" hits="28" branch="false" />
            <line number="21" hits="0" branch="false" />
            <line number="23" hits="0" branch="false" />
            <line number="24" hits="0" branch="false" />
            <line number="25" hits="0" branch="false" />
            <line number="26" hits="0" branch="false" />
            <line number="30" hits="7" branch="false" />
            <line number="31" hits="7" branch="false" />
            <line number="32" hits="7" branch="false" />
            <line number="36" hits="0" branch="false" />
            <line number="38" hits="0" branch="false" />
            <line number="39" hits="0" branch="false" />
            <line number="42" hits="4" branch="false" />
            <line number="46" hits="7" branch="true" condition-coverage="50% (1/2)" />
            <line number="48" hits="0" branch="false" />
            <line number="51" hits="7" branch="false" />
            <line number="53" hits="7" branch="true" condition-coverage="50% (1/2)" />
            <line number="55" hits="0" branch="false" />
            <line number="58" hits="7" branch="false" />
          </lines>
        </class>
        <class name="Mfm.Application.UseCases.Base.UseCaseBase" filename="C:\Development\VictorFernandes\MotoFleetManagement\src\Mfm.Application\UseCases\Base\UseCaseBase.cs" line-rate="1" branch-rate="1" complexity="2">
          <methods>
            <method name="LogUseCaseExecutionStarted" signature="(System.Object)" line-rate="1" branch-rate="1" complexity="1">
              <lines>
                <line number="17" hits="23" branch="false" />
                <line number="18" hits="23" branch="false" />
                <line number="19" hits="23" branch="false" />
                <line number="20" hits="23" branch="false" />
                <line number="21" hits="23" branch="false" />
                <line number="22" hits="23" branch="false" />
              </lines>
            </method>
            <method name=".ctor" signature="(Microsoft.Extensions.Logging.ILogger)" line-rate="1" branch-rate="1" complexity="1">
              <lines>
                <line number="10" hits="23" branch="false" />
                <line number="12" hits="23" branch="false" />
                <line number="13" hits="23" branch="false" />
              </lines>
            </method>
          </methods>
          <lines>
            <line number="10" hits="23" branch="false" />
            <line number="12" hits="23" branch="false" />
            <line number="13" hits="23" branch="false" />
            <line number="17" hits="23" branch="false" />
            <line number="18" hits="23" branch="false" />
            <line number="19" hits="23" branch="false" />
            <line number="20" hits="23" branch="false" />
            <line number="21" hits="23" branch="false" />
            <line number="22" hits="23" branch="false" />
          </lines>
        </class>
        <class name="Mfm.Application.UseCases.Motorcycles.CreateMotorcycle.CreateMotorcycleInput" filename="C:\Development\VictorFernandes\MotoFleetManagement\src\Mfm.Application\UseCases\Motorcycles\CreateMotorcycle\CreateMotorcycleInput.cs" line-rate="1" branch-rate="1" complexity="1">
          <methods>
            <method name="Motorcycle" signature="()" line-rate="1" branch-rate="1" complexity="NaN">
              <lines>
                <line number="8" hits="37" branch="false" />
              </lines>
            </method>
            <method name=".ctor" signature="(Mfm.Application.Dtos.Motorcycles.MotorcycleDto)" line-rate="1" branch-rate="1" complexity="1">
              <lines>
                <line number="10" hits="7" branch="false" />
                <line number="12" hits="7" branch="false" />
                <line number="13" hits="7" branch="false" />
              </lines>
            </method>
          </methods>
          <lines>
            <line number="8" hits="37" branch="false" />
            <line number="10" hits="7" branch="false" />
            <line number="12" hits="7" branch="false" />
            <line number="13" hits="7" branch="false" />
          </lines>
        </class>
        <class name="Mfm.Application.UseCases.Motorcycles.CreateMotorcycle.CreateMotorcycleOutput" filename="C:\Development\VictorFernandes\MotoFleetManagement\src\Mfm.Application\UseCases\Motorcycles\CreateMotorcycle\CreateMotorcycleOutput.cs" line-rate="1" branch-rate="1" complexity="3">
          <methods>
            <method name="CreateSameLicensePlateError" signature="()" line-rate="1" branch-rate="1" complexity="1">
              <lines>
                <line number="22" hits="1" branch="false" />
                <line number="23" hits="1" branch="false" />
                <line number="24" hits="1" branch="false" />
              </lines>
            </method>
            <method name=".ctor" signature="()" line-rate="1" branch-rate="1" complexity="1">
              <lines>
                <line number="11" hits="5" branch="false" />
                <line number="13" hits="5" branch="false" />
              </lines>
            </method>
            <method name=".ctor" signature="(System.Net.HttpStatusCode)" line-rate="1" branch-rate="1" complexity="1">
              <lines>
                <line number="16" hits="1" branch="false" />
                <line number="18" hits="1" branch="false" />
              </lines>
            </method>
          </methods>
          <lines>
            <line number="11" hits="5" branch="false" />
            <line number="13" hits="5" branch="false" />
            <line number="16" hits="1" branch="false" />
            <line number="18" hits="1" branch="false" />
            <line number="22" hits="1" branch="false" />
            <line number="23" hits="1" branch="false" />
            <line number="24" hits="1" branch="false" />
          </lines>
        </class>
        <class name="Mfm.Application.UseCases.Motorcycles.CreateMotorcycle.CreateMotorcycleUseCase" filename="C:\Development\VictorFernandes\MotoFleetManagement\src\Mfm.Application\UseCases\Motorcycles\CreateMotorcycle\CreateMotorcycleUseCase.cs" line-rate="1" branch-rate="1" complexity="3">
          <methods>
            <method name=".ctor" signature="(Microsoft.Extensions.Logging.ILogger`1&lt;Mfm.Application.UseCases.Motorcycles.CreateMotorcycle.CreateMotorcycleUseCase&gt;,Mfm.Domain.Repositories.IMotorcycleRepository,MassTransit.IPublishEndpoint)" line-rate="1" branch-rate="1" complexity="1">
              <lines>
                <line number="20" hits="5" branch="false" />
                <line number="22" hits="5" branch="false" />
                <line number="23" hits="5" branch="false" />
                <line number="24" hits="5" branch="false" />
              </lines>
            </method>
            <method name="Handle" signature="()" line-rate="1" branch-rate="1" complexity="2">
              <lines>
                <line number="30" hits="5" branch="false" />
                <line number="32" hits="5" branch="false" />
                <line number="33" hits="5" branch="false" />
                <line number="34" hits="5" branch="false" />
                <line number="36" hits="5" branch="true" condition-coverage="100% (2/2)" />
                <line number="38" hits="1" branch="false" />
                <line number="41" hits="4" branch="false" />
                <line number="42" hits="4" branch="false" />
                <line number="43" hits="4" branch="false" />
                <line number="44" hits="4" branch="false" />
                <line number="45" hits="4" branch="false" />
                <line number="46" hits="4" branch="false" />
                <line number="48" hits="4" branch="false" />
                <line number="49" hits="4" branch="false" />
                <line number="51" hits="4" branch="false" />
                <line number="52" hits="4" branch="false" />
                <line number="53" hits="4" branch="false" />
                <line number="54" hits="4" branch="false" />
                <line number="55" hits="4" branch="false" />
                <line number="56" hits="4" branch="false" />
                <line number="57" hits="4" branch="false" />
                <line number="59" hits="4" branch="false" />
                <line number="60" hits="5" branch="false" />
              </lines>
            </method>
          </methods>
          <lines>
            <line number="20" hits="5" branch="false" />
            <line number="22" hits="5" branch="false" />
            <line number="23" hits="5" branch="false" />
            <line number="24" hits="5" branch="false" />
            <line number="30" hits="5" branch="false" />
            <line number="32" hits="5" branch="false" />
            <line number="33" hits="5" branch="false" />
            <line number="34" hits="5" branch="false" />
            <line number="36" hits="5" branch="true" condition-coverage="100% (2/2)" />
            <line number="38" hits="1" branch="false" />
            <line number="41" hits="4" branch="false" />
            <line number="42" hits="4" branch="false" />
            <line number="43" hits="4" branch="false" />
            <line number="44" hits="4" branch="false" />
            <line number="45" hits="4" branch="false" />
            <line number="46" hits="4" branch="false" />
            <line number="48" hits="4" branch="false" />
            <line number="49" hits="4" branch="false" />
            <line number="51" hits="4" branch="false" />
            <line number="52" hits="4" branch="false" />
            <line number="53" hits="4" branch="false" />
            <line number="54" hits="4" branch="false" />
            <line number="55" hits="4" branch="false" />
            <line number="56" hits="4" branch="false" />
            <line number="57" hits="4" branch="false" />
            <line number="59" hits="4" branch="false" />
            <line number="60" hits="5" branch="false" />
          </lines>
        </class>
        <class name="Mfm.Application.UseCases.Motorcycles.GetMotorcycleById.GetMotorcycleByIdInput" filename="C:\Development\VictorFernandes\MotoFleetManagement\src\Mfm.Application\UseCases\Motorcycles\GetMotorcycleById\GetMotorcycleByIdInput.cs" line-rate="1" branch-rate="1" complexity="1">
          <methods>
            <method name="Id" signature="()" line-rate="1" branch-rate="1" complexity="NaN">
              <lines>
                <line number="7" hits="6" branch="false" />
              </lines>
            </method>
            <method name=".ctor" signature="(System.String)" line-rate="1" branch-rate="1" complexity="1">
              <lines>
                <line number="9" hits="4" branch="false" />
                <line number="11" hits="4" branch="false" />
                <line number="12" hits="4" branch="false" />
              </lines>
            </method>
          </methods>
          <lines>
            <line number="7" hits="6" branch="false" />
            <line number="9" hits="4" branch="false" />
            <line number="11" hits="4" branch="false" />
            <line number="12" hits="4" branch="false" />
          </lines>
        </class>
        <class name="Mfm.Application.UseCases.Motorcycles.GetMotorcycleById.GetMotorcycleByIdOutput" filename="C:\Development\VictorFernandes\MotoFleetManagement\src\Mfm.Application\UseCases\Motorcycles\GetMotorcycleById\GetMotorcycleByIdOutput.cs" line-rate="1" branch-rate="1" complexity="3">
          <methods>
            <method name="Motorcycle" signature="()" line-rate="1" branch-rate="1" complexity="NaN">
              <lines>
                <line number="9" hits="4" branch="false" />
              </lines>
            </method>
            <method name="CreateNotFoundError" signature="(System.String)" line-rate="1" branch-rate="1" complexity="1">
              <lines>
                <line number="24" hits="1" branch="false" />
                <line number="25" hits="1" branch="false" />
                <line number="26" hits="1" branch="false" />
              </lines>
            </method>
            <method name=".ctor" signature="(Mfm.Application.Dtos.Motorcycles.MotorcycleDto)" line-rate="1" branch-rate="1" complexity="1">
              <lines>
                <line number="12" hits="3" branch="false" />
                <line number="14" hits="3" branch="false" />
                <line number="15" hits="3" branch="false" />
              </lines>
            </method>
            <method name=".ctor" signature="(System.Net.HttpStatusCode)" line-rate="1" branch-rate="1" complexity="1">
              <lines>
                <line number="18" hits="1" branch="false" />
                <line number="20" hits="1" branch="false" />
              </lines>
            </method>
          </methods>
          <lines>
            <line number="9" hits="4" branch="false" />
            <line number="12" hits="3" branch="false" />
            <line number="14" hits="3" branch="false" />
            <line number="15" hits="3" branch="false" />
            <line number="18" hits="1" branch="false" />
            <line number="20" hits="1" branch="false" />
            <line number="24" hits="1" branch="false" />
            <line number="25" hits="1" branch="false" />
            <line number="26" hits="1" branch="false" />
          </lines>
        </class>
        <class name="Mfm.Application.UseCases.Motorcycles.GetMotorcycleById.GetMotorcycleByIdUseCase" filename="C:\Development\VictorFernandes\MotoFleetManagement\src\Mfm.Application\UseCases\Motorcycles\GetMotorcycleById\GetMotorcycleByIdUseCase.cs" line-rate="1" branch-rate="1" complexity="3">
          <methods>
            <method name=".ctor" signature="(Microsoft.Extensions.Logging.ILogger`1&lt;Mfm.Application.UseCases.Motorcycles.GetMotorcycleById.GetMotorcycleByIdUseCase&gt;,Mfm.Domain.Repositories.IMotorcycleRepository)" line-rate="1" branch-rate="1" complexity="1">
              <lines>
                <line number="15" hits="3" branch="false" />
                <line number="17" hits="3" branch="false" />
                <line number="18" hits="3" branch="false" />
              </lines>
            </method>
            <method name="Handle" signature="()" line-rate="1" branch-rate="1" complexity="2">
              <lines>
                <line number="22" hits="3" branch="false" />
                <line number="24" hits="3" branch="false" />
                <line number="26" hits="3" branch="true" condition-coverage="100% (2/2)" />
                <line number="28" hits="1" branch="false" />
                <line number="31" hits="2" branch="false" />
                <line number="32" hits="2" branch="false" />
                <line number="33" hits="2" branch="false" />
                <line number="34" hits="2" branch="false" />
                <line number="35" hits="2" branch="false" />
                <line number="36" hits="2" branch="false" />
                <line number="37" hits="2" branch="false" />
                <line number="38" hits="2" branch="false" />
                <line number="39" hits="3" branch="false" />
              </lines>
            </method>
          </methods>
          <lines>
            <line number="15" hits="3" branch="false" />
            <line number="17" hits="3" branch="false" />
            <line number="18" hits="3" branch="false" />
            <line number="22" hits="3" branch="false" />
            <line number="24" hits="3" branch="false" />
            <line number="26" hits="3" branch="true" condition-coverage="100% (2/2)" />
            <line number="28" hits="1" branch="false" />
            <line number="31" hits="2" branch="false" />
            <line number="32" hits="2" branch="false" />
            <line number="33" hits="2" branch="false" />
            <line number="34" hits="2" branch="false" />
            <line number="35" hits="2" branch="false" />
            <line number="36" hits="2" branch="false" />
            <line number="37" hits="2" branch="false" />
            <line number="38" hits="2" branch="false" />
            <line number="39" hits="3" branch="false" />
          </lines>
        </class>
        <class name="Mfm.Application.UseCases.Motorcycles.GetMotorcycles.GetMotorcyclesInput" filename="C:\Development\VictorFernandes\MotoFleetManagement\src\Mfm.Application\UseCases\Motorcycles\GetMotorcycles\GetMotorcyclesInput.cs" line-rate="1" branch-rate="1" complexity="1">
          <methods>
            <method name="LicensePlate" signature="()" line-rate="1" branch-rate="1" complexity="NaN">
              <lines>
                <line number="7" hits="10" branch="false" />
              </lines>
            </method>
            <method name=".ctor" signature="(System.String)" line-rate="1" branch-rate="1" complexity="1">
              <lines>
                <line number="9" hits="8" branch="false" />
                <line number="11" hits="8" branch="false" />
                <line number="12" hits="8" branch="false" />
              </lines>
            </method>
          </methods>
          <lines>
            <line number="7" hits="10" branch="false" />
            <line number="9" hits="8" branch="false" />
            <line number="11" hits="8" branch="false" />
            <line number="12" hits="8" branch="false" />
          </lines>
        </class>
        <class name="Mfm.Application.UseCases.Motorcycles.GetMotorcycles.GetMotorcyclesOutput" filename="C:\Development\VictorFernandes\MotoFleetManagement\src\Mfm.Application\UseCases\Motorcycles\GetMotorcycles\GetMotorcyclesOutput.cs" line-rate="1" branch-rate="1" complexity="1">
          <methods>
            <method name="Motorcycles" signature="()" line-rate="1" branch-rate="1" complexity="NaN">
              <lines>
                <line number="9" hits="10" branch="false" />
              </lines>
            </method>
            <method name=".ctor" signature="(System.Collections.Generic.IEnumerable`1&lt;Mfm.Application.Dtos.Motorcycles.MotorcycleDto&gt;)" line-rate="1" branch-rate="1" complexity="1">
              <lines>
                <line number="12" hits="8" branch="false" />
                <line number="14" hits="8" branch="false" />
                <line number="15" hits="8" branch="false" />
              </lines>
            </method>
          </methods>
          <lines>
            <line number="9" hits="10" branch="false" />
            <line number="12" hits="8" branch="false" />
            <line number="14" hits="8" branch="false" />
            <line number="15" hits="8" branch="false" />
          </lines>
        </class>
        <class name="Mfm.Application.UseCases.Motorcycles.GetMotorcycles.GetMotorcyclesUseCase" filename="C:\Development\VictorFernandes\MotoFleetManagement\src\Mfm.Application\UseCases\Motorcycles\GetMotorcycles\GetMotorcyclesUseCase.cs" line-rate="1" branch-rate="1" complexity="2">
          <methods>
            <method name=".ctor" signature="(Microsoft.Extensions.Logging.ILogger`1&lt;Mfm.Application.UseCases.Motorcycles.GetMotorcycles.GetMotorcyclesUseCase&gt;,Mfm.Domain.Repositories.IMotorcycleRepository)" line-rate="1" branch-rate="1" complexity="1">
              <lines>
                <line number="15" hits="7" branch="false" />
                <line number="17" hits="7" branch="false" />
                <line number="18" hits="7" branch="false" />
              </lines>
            </method>
            <method name="Handle" signature="()" line-rate="1" branch-rate="1" complexity="1">
              <lines>
                <line number="22" hits="7" branch="false" />
                <line number="24" hits="7" branch="false" />
                <line number="26" hits="7" branch="false" />
                <line number="27" hits="7" branch="false" />
                <line number="28" hits="19" branch="false" />
                <line number="29" hits="19" branch="false" />
                <line number="30" hits="19" branch="false" />
                <line number="31" hits="19" branch="false" />
                <line number="32" hits="19" branch="false" />
                <line number="33" hits="19" branch="false" />
                <line number="34" hits="19" branch="false" />
                <line number="35" hits="7" branch="false" />
              </lines>
            </method>
          </methods>
          <lines>
            <line number="15" hits="7" branch="false" />
            <line number="17" hits="7" branch="false" />
            <line number="18" hits="7" branch="false" />
            <line number="22" hits="7" branch="false" />
            <line number="24" hits="7" branch="false" />
            <line number="26" hits="7" branch="false" />
            <line number="27" hits="7" branch="false" />
            <line number="28" hits="19" branch="false" />
            <line number="29" hits="19" branch="false" />
            <line number="30" hits="19" branch="false" />
            <line number="31" hits="19" branch="false" />
            <line number="32" hits="19" branch="false" />
            <line number="33" hits="19" branch="false" />
            <line number="34" hits="19" branch="false" />
            <line number="35" hits="7" branch="false" />
          </lines>
        </class>
        <class name="Mfm.Application.UseCases.Motorcycles.ProcessMotorcycle2024.ProcessMotorcycle2024Input" filename="C:\Development\VictorFernandes\MotoFleetManagement\src\Mfm.Application\UseCases\Motorcycles\ProcessMotorcycle2024\ProcessMotorcycle2024Input.cs" line-rate="1" branch-rate="1" complexity="1">
          <methods>
            <method name="Motorcycle" signature="()" line-rate="1" branch-rate="1" complexity="NaN">
              <lines>
                <line number="8" hits="5" branch="false" />
              </lines>
            </method>
            <method name=".ctor" signature="(Mfm.Application.Dtos.Motorcycles.MotorcycleDto)" line-rate="1" branch-rate="1" complexity="1">
              <lines>
                <line number="10" hits="1" branch="false" />
                <line number="12" hits="1" branch="false" />
                <line number="13" hits="1" branch="false" />
              </lines>
            </method>
          </methods>
          <lines>
            <line number="8" hits="5" branch="false" />
            <line number="10" hits="1" branch="false" />
            <line number="12" hits="1" branch="false" />
            <line number="13" hits="1" branch="false" />
          </lines>
        </class>
        <class name="Mfm.Application.UseCases.Motorcycles.ProcessMotorcycle2024.ProcessMotorcycle2024Output" filename="C:\Development\VictorFernandes\MotoFleetManagement\src\Mfm.Application\UseCases\Motorcycles\ProcessMotorcycle2024\ProcessMotorcycle2024Output.cs" line-rate="0.5" branch-rate="1" complexity="2">
          <methods>
            <method name=".ctor" signature="()" line-rate="1" branch-rate="1" complexity="1">
              <lines>
                <line number="9" hits="1" branch="false" />
                <line number="11" hits="1" branch="false" />
              </lines>
            </method>
            <method name=".ctor" signature="(System.Net.HttpStatusCode)" line-rate="0" branch-rate="1" complexity="1">
              <lines>
                <line number="14" hits="0" branch="false" />
                <line number="16" hits="0" branch="false" />
              </lines>
            </method>
          </methods>
          <lines>
            <line number="9" hits="1" branch="false" />
            <line number="11" hits="1" branch="false" />
            <line number="14" hits="0" branch="false" />
            <line number="16" hits="0" branch="false" />
          </lines>
        </class>
        <class name="Mfm.Application.UseCases.Motorcycles.ProcessMotorcycle2024.ProcessMotorcycle2024UseCase" filename="C:\Development\VictorFernandes\MotoFleetManagement\src\Mfm.Application\UseCases\Motorcycles\ProcessMotorcycle2024\ProcessMotorcycle2024UseCase.cs" line-rate="1" branch-rate="1" complexity="2">
          <methods>
            <method name=".ctor" signature="(Microsoft.Extensions.Logging.ILogger`1&lt;Mfm.Application.UseCases.Motorcycles.ProcessMotorcycle2024.ProcessMotorcycle2024UseCase&gt;,Mfm.Domain.Repositories.IMotorcycle2024Repository,System.TimeProvider)" line-rate="1" branch-rate="1" complexity="1">
              <lines>
                <line number="18" hits="1" branch="false" />
                <line number="20" hits="1" branch="false" />
                <line number="21" hits="1" branch="false" />
                <line number="22" hits="1" branch="false" />
              </lines>
            </method>
            <method name="Handle" signature="()" line-rate="1" branch-rate="1" complexity="1">
              <lines>
                <line number="28" hits="1" branch="false" />
                <line number="30" hits="1" branch="false" />
                <line number="31" hits="1" branch="false" />
                <line number="32" hits="1" branch="false" />
                <line number="33" hits="1" branch="false" />
                <line number="34" hits="1" branch="false" />
                <line number="35" hits="1" branch="false" />
                <line number="36" hits="1" branch="false" />
                <line number="38" hits="1" branch="false" />
                <line number="39" hits="1" branch="false" />
                <line number="41" hits="1" branch="false" />
                <line number="42" hits="1" branch="false" />
              </lines>
            </method>
          </methods>
          <lines>
            <line number="18" hits="1" branch="false" />
            <line number="20" hits="1" branch="false" />
            <line number="21" hits="1" branch="false" />
            <line number="22" hits="1" branch="false" />
            <line number="28" hits="1" branch="false" />
            <line number="30" hits="1" branch="false" />
            <line number="31" hits="1" branch="false" />
            <line number="32" hits="1" branch="false" />
            <line number="33" hits="1" branch="false" />
            <line number="34" hits="1" branch="false" />
            <line number="35" hits="1" branch="false" />
            <line number="36" hits="1" branch="false" />
            <line number="38" hits="1" branch="false" />
            <line number="39" hits="1" branch="false" />
            <line number="41" hits="1" branch="false" />
            <line number="42" hits="1" branch="false" />
          </lines>
        </class>
        <class name="Mfm.Application.UseCases.Motorcycles.UpdateMotorcycleLicensePlate.UpdateMotorcycleLicensePlateInput" filename="C:\Development\VictorFernandes\MotoFleetManagement\src\Mfm.Application\UseCases\Motorcycles\UpdateMotorcycleLicensePlate\UpdateMotorcycleLicensePlateInput.cs" line-rate="1" branch-rate="1" complexity="1">
          <methods>
            <method name="Id" signature="()" line-rate="1" branch-rate="1" complexity="NaN">
              <lines>
                <line number="7" hits="12" branch="false" />
              </lines>
            </method>
            <method name="LicensePlate" signature="()" line-rate="1" branch-rate="1" complexity="NaN">
              <lines>
                <line number="8" hits="16" branch="false" />
              </lines>
            </method>
            <method name=".ctor" signature="(System.String,System.String)" line-rate="1" branch-rate="1" complexity="1">
              <lines>
                <line number="10" hits="8" branch="false" />
                <line number="12" hits="8" branch="false" />
                <line number="13" hits="8" branch="false" />
                <line number="14" hits="8" branch="false" />
              </lines>
            </method>
          </methods>
          <lines>
            <line number="7" hits="12" branch="false" />
            <line number="8" hits="16" branch="false" />
            <line number="10" hits="8" branch="false" />
            <line number="12" hits="8" branch="false" />
            <line number="13" hits="8" branch="false" />
            <line number="14" hits="8" branch="false" />
          </lines>
        </class>
        <class name="Mfm.Application.UseCases.Motorcycles.UpdateMotorcycleLicensePlate.UpdateMotorcycleLicensePlateOutput" filename="C:\Development\VictorFernandes\MotoFleetManagement\src\Mfm.Application\UseCases\Motorcycles\UpdateMotorcycleLicensePlate\UpdateMotorcycleLicensePlateOutput.cs" line-rate="1" branch-rate="1" complexity="4">
          <methods>
            <method name="CreateSameLicensePlateError" signature="()" line-rate="1" branch-rate="1" complexity="1">
              <lines>
                <line number="23" hits="2" branch="false" />
                <line number="24" hits="2" branch="false" />
                <line number="25" hits="2" branch="false" />
              </lines>
            </method>
            <method name="CreateNotFoundError" signature="(System.String)" line-rate="1" branch-rate="1" complexity="1">
              <lines>
                <line number="30" hits="3" branch="false" />
                <line number="31" hits="3" branch="false" />
                <line number="32" hits="3" branch="false" />
              </lines>
            </method>
            <method name=".ctor" signature="()" line-rate="1" branch-rate="1" complexity="1">
              <lines>
                <line number="12" hits="4" branch="false" />
                <line number="14" hits="4" branch="false" />
              </lines>
            </method>
            <method name=".ctor" signature="(System.Net.HttpStatusCode)" line-rate="1" branch-rate="1" complexity="1">
              <lines>
                <line number="17" hits="5" branch="false" />
                <line number="19" hits="5" branch="false" />
              </lines>
            </method>
          </methods>
          <lines>
            <line number="12" hits="4" branch="false" />
            <line number="14" hits="4" branch="false" />
            <line number="17" hits="5" branch="false" />
            <line number="19" hits="5" branch="false" />
            <line number="23" hits="2" branch="false" />
            <line number="24" hits="2" branch="false" />
            <line number="25" hits="2" branch="false" />
            <line number="30" hits="3" branch="false" />
            <line number="31" hits="3" branch="false" />
            <line number="32" hits="3" branch="false" />
          </lines>
        </class>
        <class name="Mfm.Application.UseCases.Motorcycles.UpdateMotorcycleLicensePlate.UpdateMotorcycleLicensePlateUseCase" filename="C:\Development\VictorFernandes\MotoFleetManagement\src\Mfm.Application\UseCases\Motorcycles\UpdateMotorcycleLicensePlate\UpdateMotorcycleLicensePlateUseCase.cs" line-rate="1" branch-rate="1" complexity="7">
          <methods>
            <method name=".ctor" signature="(Microsoft.Extensions.Logging.ILogger`1&lt;Mfm.Application.UseCases.Motorcycles.UpdateMotorcycleLicensePlate.UpdateMotorcycleLicensePlateUseCase&gt;,Mfm.Domain.Repositories.IMotorcycleRepository)" line-rate="1" branch-rate="1" complexity="1">
              <lines>
                <line number="15" hits="7" branch="false" />
                <line number="17" hits="7" branch="false" />
                <line number="18" hits="7" branch="false" />
              </lines>
            </method>
            <method name="Handle" signature="()" line-rate="1" branch-rate="1" complexity="6">
              <lines>
                <line number="24" hits="7" branch="false" />
                <line number="26" hits="7" branch="false" />
                <line number="27" hits="7" branch="true" condition-coverage="100% (2/2)" />
                <line number="29" hits="2" branch="false" />
                <line number="32" hits="5" branch="true" condition-coverage="100% (2/2)" />
                <line number="34" hits="1" branch="false" />
                <line number="37" hits="4" branch="false" />
                <line number="38" hits="4" branch="false" />
                <line number="39" hits="4" branch="false" />
                <line number="41" hits="4" branch="true" condition-coverage="100% (2/2)" />
                <line number="43" hits="2" branch="false" />
                <line number="46" hits="2" branch="false" />
                <line number="47" hits="2" branch="false" />
                <line number="49" hits="2" branch="false" />
                <line number="50" hits="7" branch="false" />
              </lines>
            </method>
          </methods>
          <lines>
            <line number="15" hits="7" branch="false" />
            <line number="17" hits="7" branch="false" />
            <line number="18" hits="7" branch="false" />
            <line number="24" hits="7" branch="false" />
            <line number="26" hits="7" branch="false" />
            <line number="27" hits="7" branch="true" condition-coverage="100% (2/2)" />
            <line number="29" hits="2" branch="false" />
            <line number="32" hits="5" branch="true" condition-coverage="100% (2/2)" />
            <line number="34" hits="1" branch="false" />
            <line number="37" hits="4" branch="false" />
            <line number="38" hits="4" branch="false" />
            <line number="39" hits="4" branch="false" />
            <line number="41" hits="4" branch="true" condition-coverage="100% (2/2)" />
            <line number="43" hits="2" branch="false" />
            <line number="46" hits="2" branch="false" />
            <line number="47" hits="2" branch="false" />
            <line number="49" hits="2" branch="false" />
            <line number="50" hits="7" branch="false" />
          </lines>
        </class>
      </classes>
    </package>
    <package name="Mfm.Domain" line-rate="0.8035714285714286" branch-rate="0.6206896551724138" complexity="71">
      <classes>
        <class name="Mfm.Domain.Entities.DeliveryPerson" filename="C:\Development\VictorFernandes\MotoFleetManagement\src\Mfm.Domain\Entities\DeliveryPerson.cs" line-rate="0.8947368421052632" branch-rate="0.8333333333333334" complexity="7">
          <methods>
            <method name="Id" signature="()" line-rate="1" branch-rate="1" complexity="NaN">
              <lines>
                <line number="8" hits="5" branch="false" />
              </lines>
            </method>
            <method name="Name" signature="()" line-rate="1" branch-rate="1" complexity="NaN">
              <lines>
                <line number="9" hits="5" branch="false" />
              </lines>
            </method>
            <method name="Cnpj" signature="()" line-rate="1" branch-rate="1" complexity="NaN">
              <lines>
                <line number="10" hits="1" branch="false" />
              </lines>
            </method>
            <method name="DateOfBirth" signature="()" line-rate="0" branch-rate="1" complexity="NaN">
              <lines>
                <line number="11" hits="0" branch="false" />
              </lines>
            </method>
            <method name="Cnh" signature="()" line-rate="1" branch-rate="1" complexity="NaN">
              <lines>
                <line number="12" hits="1" branch="false" />
              </lines>
            </method>
            <method name="CnhImageUrl" signature="()" line-rate="1" branch-rate="1" complexity="NaN">
              <lines>
                <line number="13" hits="10" branch="false" />
              </lines>
            </method>
            <method name="UpdateCnhImage" signature="(System.String)" line-rate="1" branch-rate="1" complexity="2">
              <lines>
                <line number="30" hits="2" branch="true" condition-coverage="100% (2/2)" />
                <line number="32" hits="1" branch="false" />
                <line number="35" hits="1" branch="false" />
                <line number="36" hits="1" branch="false" />
              </lines>
            </method>
            <method name=".ctor" signature="(System.String,System.String,Mfm.Domain.Entities.ValueObjects.Cnpj,System.DateTime,Mfm.Domain.Entities.ValueObjects.Cnh,System.String)" line-rate="1" branch-rate="0.75" complexity="4">
              <lines>
                <line number="15" hits="4" branch="false" />
                <line number="17" hits="4" branch="false" />
                <line number="18" hits="4" branch="false" />
                <line number="19" hits="4" branch="true" condition-coverage="50% (1/2)" />
                <line number="20" hits="4" branch="false" />
                <line number="21" hits="4" branch="true" condition-coverage="100% (2/2)" />
                <line number="22" hits="3" branch="false" />
                <line number="23" hits="3" branch="false" />
              </lines>
            </method>
            <method name=".ctor" signature="()" line-rate="0" branch-rate="1" complexity="1">
              <lines>
                <line number="26" hits="0" branch="false" />
              </lines>
            </method>
          </methods>
          <lines>
            <line number="8" hits="5" branch="false" />
            <line number="9" hits="5" branch="false" />
            <line number="10" hits="1" branch="false" />
            <line number="11" hits="0" branch="false" />
            <line number="12" hits="1" branch="false" />
            <line number="13" hits="10" branch="false" />
            <line number="15" hits="4" branch="false" />
            <line number="17" hits="4" branch="false" />
            <line number="18" hits="4" branch="false" />
            <line number="19" hits="4" branch="true" condition-coverage="50% (1/2)" />
            <line number="20" hits="4" branch="false" />
            <line number="21" hits="4" branch="true" condition-coverage="100% (2/2)" />
            <line number="22" hits="3" branch="false" />
            <line number="23" hits="3" branch="false" />
            <line number="26" hits="0" branch="false" />
            <line number="30" hits="2" branch="true" condition-coverage="100% (2/2)" />
            <line number="32" hits="1" branch="false" />
            <line number="35" hits="1" branch="false" />
            <line number="36" hits="1" branch="false" />
          </lines>
        </class>
        <class name="Mfm.Domain.Entities.Motorcycle" filename="C:\Development\VictorFernandes\MotoFleetManagement\src\Mfm.Domain\Entities\Motorcycle.cs" line-rate="1" branch-rate="1" complexity="9">
          <methods>
            <method name="Id" signature="()" line-rate="1" branch-rate="1" complexity="NaN">
              <lines>
                <line number="9" hits="70" branch="false" />
              </lines>
            </method>
            <method name="Year" signature="()" line-rate="1" branch-rate="1" complexity="NaN">
              <lines>
                <line number="10" hits="24" branch="false" />
              </lines>
            </method>
            <method name="Model" signature="()" line-rate="1" branch-rate="1" complexity="NaN">
              <lines>
                <line number="11" hits="64" branch="false" />
              </lines>
            </method>
            <method name="LicensePlate" signature="()" line-rate="1" branch-rate="1" complexity="NaN">
              <lines>
                <line number="12" hits="68" branch="false" />
              </lines>
            </method>
            <method name="UpdateLicensePlate" signature="(Mfm.Domain.Entities.ValueObjects.LicensePlate)" line-rate="1" branch-rate="1" complexity="2">
              <lines>
                <line number="32" hits="4" branch="true" condition-coverage="100% (2/2)" />
                <line number="33" hits="3" branch="false" />
              </lines>
            </method>
            <method name=".ctor" signature="(System.String,Mfm.Domain.Entities.ValueObjects.LicensePlate,System.Int32,System.String)" line-rate="1" branch-rate="1" complexity="6">
              <lines>
                <line number="14" hits="31" branch="false" />
                <line number="16" hits="31" branch="true" condition-coverage="100% (4/4)" />
                <line number="18" hits="1" branch="false" />
                <line number="21" hits="30" branch="false" />
                <line number="22" hits="30" branch="true" condition-coverage="100% (2/2)" />
                <line number="23" hits="29" branch="false" />
                <line number="24" hits="29" branch="false" />
                <line number="25" hits="29" branch="false" />
              </lines>
            </method>
            <method name=".ctor" signature="()" line-rate="1" branch-rate="1" complexity="1">
              <lines>
                <line number="28" hits="18" branch="false" />
              </lines>
            </method>
          </methods>
          <lines>
            <line number="9" hits="70" branch="false" />
            <line number="10" hits="24" branch="false" />
            <line number="11" hits="64" branch="false" />
            <line number="12" hits="68" branch="false" />
            <line number="14" hits="31" branch="false" />
            <line number="16" hits="31" branch="true" condition-coverage="100% (4/4)" />
            <line number="18" hits="1" branch="false" />
            <line number="21" hits="30" branch="false" />
            <line number="22" hits="30" branch="true" condition-coverage="100% (2/2)" />
            <line number="23" hits="29" branch="false" />
            <line number="24" hits="29" branch="false" />
            <line number="25" hits="29" branch="false" />
            <line number="28" hits="18" branch="false" />
            <line number="32" hits="4" branch="true" condition-coverage="100% (2/2)" />
            <line number="33" hits="3" branch="false" />
          </lines>
        </class>
        <class name="Mfm.Domain.Entities.Motorcycle2024" filename="C:\Development\VictorFernandes\MotoFleetManagement\src\Mfm.Domain\Entities\Motorcycle2024.cs" line-rate="0.9230769230769231" branch-rate="1" complexity="2">
          <methods>
            <method name="Id" signature="()" line-rate="1" branch-rate="1" complexity="NaN">
              <lines>
                <line number="6" hits="4" branch="false" />
              </lines>
            </method>
            <method name="Year" signature="()" line-rate="1" branch-rate="1" complexity="NaN">
              <lines>
                <line number="7" hits="1" branch="false" />
              </lines>
            </method>
            <method name="Model" signature="()" line-rate="1" branch-rate="1" complexity="NaN">
              <lines>
                <line number="8" hits="4" branch="false" />
              </lines>
            </method>
            <method name="LicensePlate" signature="()" line-rate="1" branch-rate="1" complexity="NaN">
              <lines>
                <line number="9" hits="3" branch="false" />
              </lines>
            </method>
            <method name="CreationDate" signature="()" line-rate="0" branch-rate="1" complexity="NaN">
              <lines>
                <line number="10" hits="0" branch="false" />
              </lines>
            </method>
            <method name=".ctor" signature="(System.String,System.Int32,Mfm.Domain.Entities.ValueObjects.LicensePlate,System.String,System.TimeProvider)" line-rate="1" branch-rate="1" complexity="1">
              <lines>
                <line number="12" hits="2" branch="false" />
                <line number="15" hits="2" branch="false" />
                <line number="16" hits="2" branch="false" />
                <line number="17" hits="2" branch="false" />
                <line number="18" hits="2" branch="false" />
                <line number="19" hits="2" branch="false" />
                <line number="20" hits="2" branch="false" />
              </lines>
            </method>
            <method name=".ctor" signature="()" line-rate="1" branch-rate="1" complexity="1">
              <lines>
                <line number="23" hits="2" branch="false" />
              </lines>
            </method>
          </methods>
          <lines>
            <line number="6" hits="4" branch="false" />
            <line number="7" hits="1" branch="false" />
            <line number="8" hits="4" branch="false" />
            <line number="9" hits="3" branch="false" />
            <line number="10" hits="0" branch="false" />
            <line number="12" hits="2" branch="false" />
            <line number="15" hits="2" branch="false" />
            <line number="16" hits="2" branch="false" />
            <line number="17" hits="2" branch="false" />
            <line number="18" hits="2" branch="false" />
            <line number="19" hits="2" branch="false" />
            <line number="20" hits="2" branch="false" />
            <line number="23" hits="2" branch="false" />
          </lines>
        </class>
        <class name="Mfm.Domain.Entities.ValueObjects.Cnh" filename="C:\Development\VictorFernandes\MotoFleetManagement\src\Mfm.Domain\Entities\ValueObjects\Cnh.cs" line-rate="0.4666666666666667" branch-rate="0.4375" complexity="18">
          <methods>
            <method name="Number" signature="()" line-rate="0" branch-rate="1" complexity="NaN">
              <lines>
                <line number="7" hits="0" branch="false" />
              </lines>
            </method>
            <method name="Type" signature="()" line-rate="0" branch-rate="1" complexity="NaN">
              <lines>
                <line number="8" hits="0" branch="false" />
              </lines>
            </method>
            <method name="Equals" signature="(System.Object)" line-rate="0" branch-rate="0" complexity="2">
              <lines>
                <line number="26" hits="0" branch="true" condition-coverage="0% (0/2)" />
              </lines>
            </method>
            <method name="Equals" signature="(Mfm.Domain.Entities.ValueObjects.Cnh)" line-rate="0" branch-rate="0" complexity="4">
              <lines>
[...]
            <method name="GetByIdAsync" signature="(System.String,System.Threading.CancellationToken)" line-rate="1" branch-rate="1" complexity="1">
              <lines>
                <line number="40" hits="5" branch="false" />
              </lines>
            </method>
            <method name=".ctor" signature="(Mfm.Infrastructure.Data.ApplicationDbContext)" line-rate="1" branch-rate="1" complexity="1">
              <lines>
                <line number="10" hits="12" branch="false" />
                <line number="12" hits="12" branch="false" />
              </lines>
            </method>
          </methods>
          <lines>
            <line number="10" hits="12" branch="false" />
            <line number="12" hits="12" branch="false" />
            <line number="16" hits="3" branch="false" />
            <line number="17" hits="3" branch="false" />
            <line number="21" hits="6" branch="false" />
            <line number="22" hits="6" branch="false" />
            <line number="23" hits="6" branch="false" />
            <line number="28" hits="3" branch="false" />
            <line number="30" hits="3" branch="true" condition-coverage="100% (2/2)" />
            <line number="32" hits="2" branch="false" />
            <line number="35" hits="3" branch="false" />
            <line number="40" hits="5" branch="false" />
          </lines>
        </class>
        <class name="Mfm.Infrastructure.Data.Repositories.RepositoryBase" filename="C:\Development\VictorFernandes\MotoFleetManagement\src\Mfm.Infrastructure.Data\Repositories\RepositoryBase.cs" line-rate="1" branch-rate="1" complexity="2">
          <methods>
            <method name="Context" signature="()" line-rate="1" branch-rate="1" complexity="NaN">
              <lines>
                <line number="4" hits="23" branch="false" />
              </lines>
            </method>
            <method name="SaveChangesAsync" signature="(System.Threading.CancellationToken)" line-rate="1" branch-rate="1" complexity="1">
              <lines>
                <line number="13" hits="5" branch="false" />
              </lines>
            </method>
            <method name=".ctor" signature="(Mfm.Infrastructure.Data.ApplicationDbContext)" line-rate="1" branch-rate="1" complexity="1">
              <lines>
                <line number="6" hits="13" branch="false" />
                <line number="8" hits="13" branch="false" />
                <line number="9" hits="13" branch="false" />
              </lines>
            </method>
          </methods>
          <lines>
            <line number="4" hits="23" branch="false" />
            <line number="6" hits="13" branch="false" />
            <line number="8" hits="13" branch="false" />
            <line number="9" hits="13" branch="false" />
            <line number="13" hits="5" branch="false" />
          </lines>
        </class>
        <class name="Mfm.Infrastructure.Data.TypeConfiguration.DeliveryPersonConfiguration" filename="C:\Development\VictorFernandes\MotoFleetManagement\src\Mfm.Infrastructure.Data\TypeConfiguration\DeliveryPersonConfiguration.cs" line-rate="1" branch-rate="1" complexity="1">
          <methods>
            <method name="Configure" signature="(Microsoft.EntityFrameworkCore.Metadata.Builders.EntityTypeBuilder`1&lt;Mfm.Domain.Entities.DeliveryPerson&gt;)" line-rate="1" branch-rate="1" complexity="1">
              <lines>
                <line number="12" hits="1" branch="false" />
                <line number="14" hits="1" branch="false" />
                <line number="16" hits="1" branch="false" />
                <line number="17" hits="1" branch="false" />
                <line number="18" hits="1" branch="false" />
                <line number="20" hits="1" branch="false" />
                <line number="21" hits="1" branch="false" />
                <line number="22" hits="1" branch="false" />
                <line number="23" hits="1" branch="false" />
                <line number="24" hits="1" branch="false" />
                <line number="25" hits="1" branch="false" />
                <line number="26" hits="1" branch="false" />
                <line number="27" hits="1" branch="false" />
                <line number="28" hits="2" branch="false" />
                <line number="30" hits="1" branch="false" />
                <line number="31" hits="1" branch="false" />
                <line number="33" hits="1" branch="false" />
                <line number="34" hits="1" branch="false" />
                <line number="35" hits="1" branch="false" />
                <line number="36" hits="1" branch="false" />
                <line number="37" hits="1" branch="false" />
                <line number="38" hits="1" branch="false" />
                <line number="39" hits="1" branch="false" />
                <line number="40" hits="1" branch="false" />
                <line number="41" hits="1" branch="false" />
                <line number="42" hits="1" branch="false" />
                <line number="43" hits="1" branch="false" />
                <line number="44" hits="1" branch="false" />
                <line number="45" hits="1" branch="false" />
                <line number="46" hits="1" branch="false" />
                <line number="47" hits="2" branch="false" />
                <line number="49" hits="1" branch="false" />
                <line number="50" hits="1" branch="false" />
                <line number="51" hits="1" branch="false" />
                <line number="52" hits="1" branch="false" />
              </lines>
            </method>
          </methods>
          <lines>
            <line number="12" hits="1" branch="false" />
            <line number="14" hits="1" branch="false" />
            <line number="16" hits="1" branch="false" />
            <line number="17" hits="1" branch="false" />
            <line number="18" hits="1" branch="false" />
            <line number="20" hits="1" branch="false" />
            <line number="21" hits="1" branch="false" />
            <line number="22" hits="1" branch="false" />
            <line number="23" hits="1" branch="false" />
            <line number="24" hits="1" branch="false" />
            <line number="25" hits="1" branch="false" />
            <line number="26" hits="1" branch="false" />
            <line number="27" hits="1" branch="false" />
            <line number="28" hits="2" branch="false" />
            <line number="30" hits="1" branch="false" />
            <line number="31" hits="1" branch="false" />
            <line number="33" hits="1" branch="false" />
            <line number="34" hits="1" branch="false" />
            <line number="35" hits="1" branch="false" />
            <line number="36" hits="1" branch="false" />
            <line number="37" hits="1" branch="false" />
            <line number="38" hits="1" branch="false" />
            <line number="39" hits="1" branch="false" />
            <line number="40" hits="1" branch="false" />
            <line number="41" hits="1" branch="false" />
            <line number="42" hits="1" branch="false" />
            <line number="43" hits="1" branch="false" />
            <line number="44" hits="1" branch="false" />
            <line number="45" hits="1" branch="false" />
            <line number="46" hits="1" branch="false" />
            <line number="47" hits="2" branch="false" />
            <line number="49" hits="1" branch="false" />
            <line number="50" hits="1" branch="false" />
            <line number="51" hits="1" branch="false" />
            <line number="52" hits="1" branch="false" />
          </lines>
        </class>
        <class name="Mfm.Infrastructure.Data.TypeConfiguration.Motorcycle2024Configuration" filename="C:\Development\VictorFernandes\MotoFleetManagement\src\Mfm.Infrastructure.Data\TypeConfiguration\Motorcycle2024Configuration.cs" line-rate="1" branch-rate="1" complexity="1">
          <methods>
            <method name="Configure" signature="(Microsoft.EntityFrameworkCore.Metadata.Builders.EntityTypeBuilder`1&lt;Mfm.Domain.Entities.Motorcycle2024&gt;)" line-rate="1" branch-rate="1" complexity="1">
              <lines>
                <line number="12" hits="1" branch="false" />
                <line number="14" hits="1" branch="false" />
                <line number="16" hits="1" branch="false" />
                <line number="17" hits="1" branch="false" />
                <line number="19" hits="1" branch="false" />
                <line number="20" hits="1" branch="false" />
                <line number="21" hits="1" branch="false" />
                <line number="22" hits="1" branch="false" />
                <line number="23" hits="1" branch="false" />
                <line number="24" hits="1" branch="false" />
                <line number="25" hits="1" branch="false" />
                <line number="26" hits="1" branch="false" />
                <line number="27" hits="2" branch="false" />
                <line number="29" hits="1" branch="false" />
                <line number="30" hits="1" branch="false" />
                <line number="31" hits="1" branch="false" />
                <line number="33" hits="1" branch="false" />
                <line number="34" hits="1" branch="false" />
                <line number="35" hits="1" branch="false" />
              </lines>
            </method>
          </methods>
          <lines>
            <line number="12" hits="1" branch="false" />
            <line number="14" hits="1" branch="false" />
            <line number="16" hits="1" branch="false" />
            <line number="17" hits="1" branch="false" />
            <line number="19" hits="1" branch="false" />
            <line number="20" hits="1" branch="false" />
            <line number="21" hits="1" branch="false" />
            <line number="22" hits="1" branch="false" />
            <line number="23" hits="1" branch="false" />
            <line number="24" hits="1" branch="false" />
            <line number="25" hits="1" branch="false" />
            <line number="26" hits="1" branch="false" />
            <line number="27" hits="2" branch="false" />
            <line number="29" hits="1" branch="false" />
            <line number="30" hits="1" branch="false" />
            <line number="31" hits="1" branch="false" />
            <line number="33" hits="1" branch="false" />
            <line number="34" hits="1" branch="false" />
            <line number="35" hits="1" branch="false" />
          </lines>
        </class>
        <class name="Mfm.Infrastructure.Data.TypeConfiguration.MotorcycleConfiguration" filename="C:\Development\VictorFernandes\MotoFleetManagement\src\Mfm.Infrastructure.Data\TypeConfiguration\MotorcycleConfiguration.cs" line-rate="1" branch-rate="1" complexity="1">
          <methods>
            <method name="Configure" signature="(Microsoft.EntityFrameworkCore.Metadata.Builders.EntityTypeBuilder`1&lt;Mfm.Domain.Entities.Motorcycle&gt;)" line-rate="1" branch-rate="1" complexity="1">
              <lines>
                <line number="12" hits="1" branch="false" />
                <line number="14" hits="1" branch="false" />
                <line number="16" hits="1" branch="false" />
                <line number="17" hits="1" branch="false" />
                <line number="19" hits="1" branch="false" />
                <line number="20" hits="1" branch="false" />
                <line number="21" hits="1" branch="false" />
                <line number="22" hits="1" branch="false" />
                <line number="23" hits="1" branch="false" />
                <line number="24" hits="1" branch="false" />
                <line number="25" hits="1" branch="false" />
                <line number="26" hits="1" branch="false" />
                <line number="27" hits="2" branch="false" />
                <line number="29" hits="1" branch="false" />
                <line number="30" hits="1" branch="false" />
                <line number="31" hits="1" branch="false" />
                <line number="32" hits="1" branch="false" />
              </lines>
            </method>
          </methods>
          <lines>
            <line number="12" hits="1" branch="false" />
            <line number="14" hits="1" branch="false" />
            <line number="16" hits="1" branch="false" />
            <line number="17" hits="1" branch="false" />
            <line number="19" hits="1" branch="false" />
            <line number="20" hits="1" branch="false" />
            <line number="21" hits="1" branch="false" />
            <line number="22" hits="1" branch="false" />
            <line number="23" hits="1" branch="false" />
            <line number="24" hits="1" branch="false" />
            <line number="25" hits="1" branch="false" />
            <line number="26" hits="1" branch="false" />
            <line number="27" hits="2" branch="false" />
            <line number="29" hits="1" branch="false" />
            <line number="30" hits="1" branch="false" />
            <line number="31" hits="1" branch="false" />
            <line number="32" hits="1" branch="false" />
          </lines>
        </class>
      </classes>
    </package>
    <package name="Mfm.Infrastructure.Messaging" line-rate="1" branch-rate="1" complexity="7">
      <classes>
        <class name="Mfm.Infrastructure.Messaging.Configuration.MessagingConfiguration" filename="C:\Development\VictorFernandes\MotoFleetManagement\src\Mfm.Infrastructure.Messaging\Configuration\MessagingConfiguration.cs" line-rate="1" branch-rate="1" complexity="2">
          <methods>
            <method name="ConfigureMessaging" signature="(Microsoft.Extensions.DependencyInjection.IServiceCollection,System.String)" line-rate="1" branch-rate="1" complexity="2">
              <lines>
                <line number="13" hits="8" branch="false" />
                <line number="14" hits="8" branch="false" />
                <line number="15" hits="8" branch="false" />
                <line number="16" hits="8" branch="false" />
                <line number="17" hits="8" branch="true" condition-coverage="100% (2/2)" />
                <line number="18" hits="8" branch="false" />
                <line number="19" hits="4" branch="false" />
                <line number="20" hits="4" branch="false" />
                <line number="21" hits="12" branch="false" />
                <line number="22" hits="16" branch="false" />
                <line number="23" hits="8" branch="false" />
              </lines>
            </method>
          </methods>
          <lines>
            <line number="13" hits="8" branch="false" />
            <line number="14" hits="8" branch="false" />
            <line number="15" hits="8" branch="false" />
            <line number="16" hits="8" branch="false" />
            <line number="17" hits="8" branch="true" condition-coverage="100% (2/2)" />
            <line number="18" hits="8" branch="false" />
            <line number="19" hits="4" branch="false" />
            <line number="20" hits="4" branch="false" />
            <line number="21" hits="12" branch="false" />
            <line number="22" hits="16" branch="false" />
            <line number="23" hits="8" branch="false" />
          </lines>
        </class>
        <class name="Mfm.Infrastructure.Messaging.Consumers.MotorcycleCreatedConsumer" filename="C:\Development\VictorFernandes\MotoFleetManagement\src\Mfm.Infrastructure.Messaging\Consumers\MotorcycleCreatedConsumer.cs" line-rate="1" branch-rate="1" complexity="3">
          <methods>
            <method name=".ctor" signature="(Microsoft.Extensions.Logging.ILogger`1&lt;Mfm.Infrastructure.Messaging.Consumers.MotorcycleCreatedConsumer&gt;,MediatR.IMediator)" line-rate="1" branch-rate="1" complexity="1">
              <lines>
                <line number="14" hits="3" branch="false" />
                <line number="16" hits="3" branch="false" />
                <line number="17" hits="3" branch="false" />
                <line number="18" hits="3" branch="false" />
              </lines>
            </method>
            <method name="Consume" signature="()" line-rate="1" branch-rate="1" complexity="2">
              <lines>
                <line number="22" hits="3" branch="false" />
                <line number="23" hits="3" branch="false" />
                <line number="25" hits="3" branch="true" condition-coverage="100% (2/2)" />
                <line number="27" hits="2" branch="false" />
                <line number="30" hits="1" branch="false" />
                <line number="31" hits="1" branch="false" />
                <line number="32" hits="1" branch="false" />
                <line number="33" hits="1" branch="false" />
                <line number="34" hits="1" branch="false" />
                <line number="35" hits="1" branch="false" />
                <line number="36" hits="1" branch="false" />
                <line number="37" hits="1" branch="false" />
                <line number="38" hits="3" branch="false" />
              </lines>
            </method>
          </methods>
          <lines>
            <line number="14" hits="3" branch="false" />
            <line number="16" hits="3" branch="false" />
            <line number="17" hits="3" branch="false" />
            <line number="18" hits="3" branch="false" />
            <line number="22" hits="3" branch="false" />
            <line number="23" hits="3" branch="false" />
            <line number="25" hits="3" branch="true" condition-coverage="100% (2/2)" />
            <line number="27" hits="2" branch="false" />
            <line number="30" hits="1" branch="false" />
            <line number="31" hits="1" branch="false" />
            <line number="32" hits="1" branch="false" />
            <line number="33" hits="1" branch="false" />
            <line number="34" hits="1" branch="false" />
            <line number="35" hits="1" branch="false" />
            <line number="36" hits="1" branch="false" />
            <line number="37" hits="1" branch="false" />
            <line number="38" hits="3" branch="false" />
          </lines>
        </class>
        <class name="Mfm.Infrastructure.Messaging.Consumers.MotorcycleCreatedConsumerDefinition" filename="C:\Development\VictorFernandes\MotoFleetManagement\src\Mfm.Infrastructure.Messaging\Consumers\MotorcycleCreatedConsumerDefinition.cs" line-rate="1" branch-rate="1" complexity="2">
          <methods>
            <method name="ConfigureConsumer" signature="(MassTransit.IReceiveEndpointConfigurator,MassTransit.IConsumerConfigurator`1&lt;Mfm.Infrastructure.Messaging.Consumers.MotorcycleCreatedConsumer&gt;,MassTransit.IRegistrationContext)" line-rate="1" branch-rate="1" complexity="1">
              <lines>
                <line number="15" hits="8" branch="false" />
                <line number="16" hits="4" branch="false" />
                <line number="17" hits="4" branch="false" />
              </lines>
            </method>
            <method name=".ctor" signature="()" line-rate="1" branch-rate="1" complexity="1">
              <lines>
                <line number="6" hits="4" branch="false" />
                <line number="8" hits="4" branch="false" />
                <line number="9" hits="4" branch="false" />
                <line number="10" hits="4" branch="false" />
              </lines>
            </method>
          </methods>
          <lines>
            <line number="6" hits="4" branch="false" />
            <line number="8" hits="4" branch="false" />
            <line number="9" hits="4" branch="false" />
            <line number="10" hits="4" branch="false" />
            <line number="15" hits="8" branch="false" />
            <line number="16" hits="4" branch="false" />
            <line number="17" hits="4" branch="false" />
          </lines>
        </class>
      </classes>
    </package>
  </packages>
</coverage>